<?xml version="1.0" encoding="UTF-8"?>
<!-- Generated by org.testng.reporters.JUnitXMLReporter -->
<testsuite ignored="0" hostname="DESKTOP-7EP5NVJ" failures="1" tests="3" name="Default test" time="28.971" errors="0" timestamp="21 Jun 2024 02:11:44 GMT">
  <testcase classname="cucumber.api.testng.AbstractTestNGCucumberTests" name="runScenario" time="12.498"/>
  <testcase classname="cucumber.api.testng.AbstractTestNGCucumberTests" name="runScenario" time="3.99">
    <skipped/>
  </testcase> <!-- runScenario -->
  <testcase classname="cucumber.api.testng.AbstractTestNGCucumberTests" name="runScenario" time="12.093">
    <failure type="java.lang.AssertionError" message="expected [https://saucelabs./] but found [https://saucelabs.com/]">
      <![CDATA[java.lang.AssertionError: expected [https://saucelabs./] but found [https://saucelabs.com/]
at org.testng.Assert.fail(Assert.java:96)
at org.testng.Assert.failNotEquals(Assert.java:776)
at org.testng.Assert.assertEqualsImpl(Assert.java:137)
at org.testng.Assert.assertEquals(Assert.java:118)
at org.testng.Assert.assertEquals(Assert.java:453)
at org.testng.Assert.assertEquals(Assert.java:463)
at StepDefination.SauceDemoHomepageStepDefi.user_click_on_About_option_from_menu(SauceDemoHomepageStepDefi.java:40)
at âœ½.user click on About option from menu(C:\Users\ADMIN\18th Batch 06th May 2024\Framework\CucumberPractice\src\test\java\features\SauceDemoProducts.feature:25)
]]>
    </failure>
  </testcase> <!-- runScenario -->
</testsuite> <!-- Default test -->
