<?xml version="1.0" encoding="UTF-8"?>
<!-- Generated by org.testng.reporters.JUnitReportReporter -->
<testsuite hostname="DESKTOP-7EP5NVJ" failures="1" tests="3" name="Runner.ChromeRunner" time="28.392" errors="0" timestamp="21 Jun 2024 02:10:07 GMT" skipped="1">
  <testcase classname="Runner.ChromeRunner" name="runScenario" time="3.492">
    <skipped/>
  </testcase> <!-- runScenario -->
  <testcase classname="Runner.ChromeRunner" name="runScenario" time="13.931"/>
  <testcase classname="Runner.ChromeRunner" name="runScenario" time="10.969">
    <failure message="expected [https://saucelabs./] but found [https://saucelabs.com/]" type="java.lang.AssertionError">
      <![CDATA[java.lang.AssertionError: expected [https://saucelabs./] but found [https://saucelabs.com/]
at org.testng.Assert.fail(Assert.java:96)
at org.testng.Assert.failNotEquals(Assert.java:776)
at org.testng.Assert.assertEqualsImpl(Assert.java:137)
at org.testng.Assert.assertEquals(Assert.java:118)
at org.testng.Assert.assertEquals(Assert.java:453)
at org.testng.Assert.assertEquals(Assert.java:463)
at StepDefination.SauceDemoHomepageStepDefi.user_click_on_About_option_from_menu(SauceDemoHomepageStepDefi.java:40)
at âœ½.user click on About option from menu(C:\Users\ADMIN\18th Batch 06th May 2024\Framework\CucumberPractice\src\test\java\features\SauceDemoProducts.feature:25)
]]>
    </failure>
  </testcase> <!-- runScenario -->
</testsuite> <!-- Runner.ChromeRunner -->
